<?xml version="1.0" encoding="UTF-8"?>
<!-- Generated by org.testng.reporters.JUnitReportReporter -->
<testsuite hostname="DESKTOP-TAN055S" failures="0" tests="1" name="VootHome" time="42.421" errors="0" timestamp="2022-05-30T10:13:35 IST" skipped="0">
  <testcase classname="VootHome" name="homePagevalidation" time="42.421"/>
  <system-out/>
</testsuite> <!-- VootHome -->
